<?xml version="1.0" encoding="UTF-8"?>
<!-- Generated by org.testng.reporters.JUnitXMLReporter -->
<testsuite ignored="0" hostname="DODINHPHUQUI" failures="0" tests="14" name="Default test" time="6.083" errors="0" timestamp="2022-12-14T18:29:50 ICT">
  <testcase classname="Initation.InitAccount" name="@BeforeTest SetUp" time="4.598">
    <failure type="org.openqa.selenium.NoSuchWindowException" message="no such window: target window already closed
from unknown error: web view not found
  (Session info: chrome=108.0.5359.99)
Build info: version: &amp;apos;4.6.0&amp;apos;, revision: &amp;apos;79f1c02ae20&amp;apos;
System info: os.name: &amp;apos;Windows 10&amp;apos;, os.arch: &amp;apos;amd64&amp;apos;, os.version: &amp;apos;10.0&amp;apos;, java.version: &amp;apos;17.0.5&amp;apos;
Driver info: org.openqa.selenium.chrome.ChromeDriver
Command: [e609367abcc48bf2deb9cd89255241ad, maximizeCurrentWindow {}]
Capabilities {acceptInsecureCerts: false, browserName: chrome, browserVersion: 108.0.5359.99, chrome: {chromedriverVersion: 107.0.5304.62 (1eec40d3a576..., userDataDir: C:\Users\WINDOW~1\AppData\L...}, goog:chromeOptions: {debuggerAddress: localhost:55215}, networkConnectionEnabled: false, pageLoadStrategy: normal, platformName: WINDOWS, proxy: Proxy(), se:cdp: ws://localhost:55215/devtoo..., se:cdpVersion: 108.0.5359.99, setWindowRect: true, strictFileInteractability: false, timeouts: {implicit: 0, pageLoad: 300000, script: 30000}, unhandledPromptBehavior: dismiss and notify, webauthn:extension:credBlob: true, webauthn:extension:largeBlob: true, webauthn:virtualAuthenticators: true}
Session ID: e609367abcc48bf2deb9cd89255241ad">
      <![CDATA[org.openqa.selenium.NoSuchWindowException: no such window: target window already closed
from unknown error: web view not found
  (Session info: chrome=108.0.5359.99)
Build info: version: '4.6.0', revision: '79f1c02ae20'
System info: os.name: 'Windows 10', os.arch: 'amd64', os.version: '10.0', java.version: '17.0.5'
Driver info: org.openqa.selenium.chrome.ChromeDriver
Command: [e609367abcc48bf2deb9cd89255241ad, maximizeCurrentWindow {}]
Capabilities {acceptInsecureCerts: false, browserName: chrome, browserVersion: 108.0.5359.99, chrome: {chromedriverVersion: 107.0.5304.62 (1eec40d3a576..., userDataDir: C:\Users\WINDOW~1\AppData\L...}, goog:chromeOptions: {debuggerAddress: localhost:55215}, networkConnectionEnabled: false, pageLoadStrategy: normal, platformName: WINDOWS, proxy: Proxy(), se:cdp: ws://localhost:55215/devtoo..., se:cdpVersion: 108.0.5359.99, setWindowRect: true, strictFileInteractability: false, timeouts: {implicit: 0, pageLoad: 300000, script: 30000}, unhandledPromptBehavior: dismiss and notify, webauthn:extension:credBlob: true, webauthn:extension:largeBlob: true, webauthn:virtualAuthenticators: true}
Session ID: e609367abcc48bf2deb9cd89255241ad
at java.base/jdk.internal.reflect.NativeConstructorAccessorImpl.newInstance0(Native Method)
at java.base/jdk.internal.reflect.NativeConstructorAccessorImpl.newInstance(NativeConstructorAccessorImpl.java:77)
at java.base/jdk.internal.reflect.DelegatingConstructorAccessorImpl.newInstance(DelegatingConstructorAccessorImpl.java:45)
at java.base/java.lang.reflect.Constructor.newInstanceWithCaller(Constructor.java:499)
at java.base/java.lang.reflect.Constructor.newInstance(Constructor.java:480)
at org.openqa.selenium.remote.codec.w3c.W3CHttpResponseCodec.createException(W3CHttpResponseCodec.java:200)
at org.openqa.selenium.remote.codec.w3c.W3CHttpResponseCodec.decode(W3CHttpResponseCodec.java:133)
at org.openqa.selenium.remote.codec.w3c.W3CHttpResponseCodec.decode(W3CHttpResponseCodec.java:53)
at org.openqa.selenium.remote.HttpCommandExecutor.execute(HttpCommandExecutor.java:184)
at org.openqa.selenium.remote.service.DriverCommandExecutor.invokeExecute(DriverCommandExecutor.java:167)
at org.openqa.selenium.remote.service.DriverCommandExecutor.execute(DriverCommandExecutor.java:142)
at org.openqa.selenium.remote.RemoteWebDriver.execute(RemoteWebDriver.java:541)
at org.openqa.selenium.remote.RemoteWebDriver.execute(RemoteWebDriver.java:596)
at org.openqa.selenium.remote.RemoteWebDriver.execute(RemoteWebDriver.java:600)
at org.openqa.selenium.remote.RemoteWebDriver$RemoteWebDriverOptions$RemoteWindow.maximize(RemoteWebDriver.java:952)
at Initation.InitAccount.SetUp(InitAccount.java:31)
at java.base/jdk.internal.reflect.NativeMethodAccessorImpl.invoke0(Native Method)
at java.base/jdk.internal.reflect.NativeMethodAccessorImpl.invoke(NativeMethodAccessorImpl.java:77)
at java.base/jdk.internal.reflect.DelegatingMethodAccessorImpl.invoke(DelegatingMethodAccessorImpl.java:43)
at java.base/java.lang.reflect.Method.invoke(Method.java:568)
at org.testng.internal.MethodInvocationHelper.invokeMethod(MethodInvocationHelper.java:133)
at org.testng.internal.MethodInvocationHelper.invokeMethodConsideringTimeout(MethodInvocationHelper.java:62)
at org.testng.internal.ConfigInvoker.invokeConfigurationMethod(ConfigInvoker.java:385)
at org.testng.internal.ConfigInvoker.invokeConfigurations(ConfigInvoker.java:321)
at org.testng.TestRunner.invokeTestConfigurations(TestRunner.java:637)
at org.testng.TestRunner.beforeRun(TestRunner.java:627)
at org.testng.TestRunner.run(TestRunner.java:589)
at org.testng.SuiteRunner.runTest(SuiteRunner.java:377)
at org.testng.SuiteRunner.runSequentially(SuiteRunner.java:371)
at org.testng.SuiteRunner.privateRun(SuiteRunner.java:332)
at org.testng.SuiteRunner.run(SuiteRunner.java:276)
at org.testng.SuiteRunnerWorker.runSuite(SuiteRunnerWorker.java:53)
at org.testng.SuiteRunnerWorker.run(SuiteRunnerWorker.java:96)
at org.testng.TestNG.runSuitesSequentially(TestNG.java:1212)
at org.testng.TestNG.runSuitesLocally(TestNG.java:1134)
at org.testng.TestNG.runSuites(TestNG.java:1063)
at org.testng.TestNG.run(TestNG.java:1031)
at org.testng.remote.AbstractRemoteTestNG.run(AbstractRemoteTestNG.java:115)
at org.testng.remote.RemoteTestNG.initAndRun(RemoteTestNG.java:251)
at org.testng.remote.RemoteTestNG.main(RemoteTestNG.java:77)
]]>
    </failure>
  </testcase> <!-- @BeforeTest SetUp -->
  <testcase classname="RunTest.TestUpdateAccount" name="@AfterMethod ClearUsername" time="-1.671017390499E9">
    <skipped/>
  </testcase> <!-- @AfterMethod ClearUsername -->
  <testcase classname="RunTest.TestUpdateAccount" name="@AfterMethod ClearUsername" time="-1.671017390511E9">
    <skipped/>
  </testcase> <!-- @AfterMethod ClearUsername -->
  <testcase classname="RunTest.TestUpdateAccount" name="@AfterMethod ClearUsername" time="-1.671017390523E9">
    <skipped/>
  </testcase> <!-- @AfterMethod ClearUsername -->
  <testcase classname="RunTest.TestUpdateAccount" name="@AfterMethod ClearUsername" time="-1.671017390533E9">
    <skipped/>
  </testcase> <!-- @AfterMethod ClearUsername -->
  <testcase classname="RunTest.TestUpdateAccount" name="@AfterMethod ClearUsername" time="-1.671017390543E9">
    <skipped/>
  </testcase> <!-- @AfterMethod ClearUsername -->
  <testcase classname="RunTest.TestUpdateAccount" name="@AfterMethod ClearUsername" time="-1.671017390554E9">
    <skipped/>
  </testcase> <!-- @AfterMethod ClearUsername -->
  <testcase classname="RunTest.TestUpdateAccount" name="@AfterMethod ClearUsername" time="-1.671017390564E9">
    <skipped/>
  </testcase> <!-- @AfterMethod ClearUsername -->
  <testcase classname="RunTest.TestUpdateAccount" name="@AfterMethod ClearUsername" time="-1.671017390576E9">
    <skipped/>
  </testcase> <!-- @AfterMethod ClearUsername -->
  <testcase classname="RunTest.TestUpdateAccount" name="@AfterMethod ClearUsername" time="-1.671017390583E9">
    <skipped/>
  </testcase> <!-- @AfterMethod ClearUsername -->
  <testcase classname="RunTest.TestUpdateAccount" name="@AfterMethod ClearUsername" time="-1.671017390684E9">
    <skipped/>
  </testcase> <!-- @AfterMethod ClearUsername -->
  <testcase classname="RunTest.TestUpdateAccount" name="@AfterMethod ClearUsername" time="-1.671017390691E9">
    <skipped/>
  </testcase> <!-- @AfterMethod ClearUsername -->
  <testcase classname="RunTest.TestUpdateAccount" name="@AfterMethod ClearUsername" time="-1.671017390705E9">
    <skipped/>
  </testcase> <!-- @AfterMethod ClearUsername -->
  <testcase classname="RunTest.TestUpdateAccount" name="@AfterMethod ClearUsername" time="-1.671017390716E9">
    <skipped/>
  </testcase> <!-- @AfterMethod ClearUsername -->
  <testcase classname="RunTest.TestUpdateAccount" name="@AfterMethod ClearUsername" time="-1.671017390723E9">
    <skipped/>
  </testcase> <!-- @AfterMethod ClearUsername -->
  <testcase classname="Initation.InitAccount" name="@AfterTest Quit" time="-1.671017390725E9">
    <skipped/>
  </testcase> <!-- @AfterTest Quit -->
  <testcase classname="RunTest.TestUpdateAccount" name="ChangePassword" time="0.0">
    <skipped/>
  </testcase> <!-- ChangePassword -->
  <testcase classname="RunTest.TestUpdateAccount" name="ChangePassword" time="0.0">
    <skipped/>
  </testcase> <!-- ChangePassword -->
  <testcase classname="RunTest.TestUpdateAccount" name="ChangePassword" time="0.0">
    <skipped/>
  </testcase> <!-- ChangePassword -->
  <testcase classname="RunTest.TestUpdateAccount" name="ChangePassword" time="0.0">
    <skipped/>
  </testcase> <!-- ChangePassword -->
  <testcase classname="RunTest.TestUpdateAccount" name="ChangePassword" time="0.0">
    <skipped/>
  </testcase> <!-- ChangePassword -->
  <testcase classname="RunTest.TestUpdateAccount" name="ChangePassword" time="0.0">
    <skipped/>
  </testcase> <!-- ChangePassword -->
  <testcase classname="RunTest.TestUpdateAccount" name="ChangePassword" time="0.0">
    <skipped/>
  </testcase> <!-- ChangePassword -->
  <testcase classname="RunTest.TestUpdateAccount" name="ChangePassword" time="0.0">
    <skipped/>
  </testcase> <!-- ChangePassword -->
  <testcase classname="RunTest.TestUpdateAccount" name="ChangePassword" time="0.0">
    <skipped/>
  </testcase> <!-- ChangePassword -->
  <testcase classname="RunTest.TestUpdateAccount" name="ResetPassword" time="0.0">
    <skipped/>
  </testcase> <!-- ResetPassword -->
  <testcase classname="RunTest.TestUpdateAccount" name="ResetPassword" time="0.0">
    <skipped/>
  </testcase> <!-- ResetPassword -->
  <testcase classname="RunTest.TestUpdateAccount" name="ResetPassword" time="0.0">
    <skipped/>
  </testcase> <!-- ResetPassword -->
  <testcase classname="RunTest.TestUpdateAccount" name="ResetPassword" time="0.0">
    <skipped/>
  </testcase> <!-- ResetPassword -->
  <testcase classname="RunTest.TestUpdateAccount" name="ResetPassword" time="0.0">
    <skipped/>
  </testcase> <!-- ResetPassword -->
</testsuite> <!-- Default test -->
