<html>
<head>
<title>TestNG:  Change Password</title>
<link href="../testng.css" rel="stylesheet" type="text/css" />
<link href="../my-testng.css" rel="stylesheet" type="text/css" />

<style type="text/css">
.log { display: none;} 
.stack-trace { display: none;} 
</style>
<script type="text/javascript">
<!--
function flip(e) {
  current = e.style.display;
  if (current == 'block') {
    e.style.display = 'none';
    return 0;
  }
  else {
    e.style.display = 'block';
    return 1;
  }
}

function toggleBox(szDivId, elem, msg1, msg2)
{
  var res = -1;  if (document.getElementById) {
    res = flip(document.getElementById(szDivId));
  }
  else if (document.all) {
    // this is the way old msie versions work
    res = flip(document.all[szDivId]);
  }
  if(elem) {
    if(res == 0) elem.innerHTML = msg1; else elem.innerHTML = msg2;
  }

}

function toggleAllBoxes() {
  if (document.getElementsByTagName) {
    d = document.getElementsByTagName('div');
    for (i = 0; i < d.length; i++) {
      if (d[i].className == 'log') {
        flip(d[i]);
      }
    }
  }
}

// -->
</script>

</head>
<body>
<h2 align='center'>Change Password</h2><table border='1' align="center">
<tr>
<td>Tests passed/Failed/Skipped:</td><td>11/3/0</td>
</tr><tr>
<td>Started on:</td><td>Wed Dec 14 17:51:44 ICT 2022</td>
</tr>
<tr><td>Total time:</td><td>16 seconds (16820 ms)</td>
</tr><tr>
<td>Included groups:</td><td></td>
</tr><tr>
<td>Excluded groups:</td><td></td>
</tr>
</table><p/>
<small><i>(Hover the method name to see the test class name)</i></small><p/>
<table width='100%' border='1' class='invocation-failed'>
<tr><td colspan='4' align='center'><b>FAILED TESTS</b></td></tr>
<tr><td><b>Test method</b></td>
<td width="30%"><b>Exception</b></td>
<td width="10%"><b>Time (seconds)</b></td>
<td><b>Instance</b></td>
</tr>
<tr>
<td title='RunTest.TestUpdateAccount.ResetPassword()'><b>ResetPassword</b><br>Test class: RunTest.TestUpdateAccount<br>Parameters: [Ljava.lang.String;@489bc8fd</td>
<td><div><pre>java.lang.AssertionError: expected [Login or password incorrect] but found [The alternative email address does not match the submitted user name]
	at RunTest.TestUpdateAccount.ResetPassword(TestUpdateAccount.java:69)
	at java.base/java.util.ArrayList.forEach(ArrayList.java:1511)
... Removed 33 stack frames</pre></div><a href='#' onClick='toggleBox("stack-trace591824146", this, "Click to show all stack frames", "Click to hide stack frames")'>Click to show all stack frames</a>
<div class='stack-trace' id='stack-trace591824146'><pre>java.lang.AssertionError: expected [Login or password incorrect] but found [The alternative email address does not match the submitted user name]
	at org.testng.Assert.fail(Assert.java:99)
	at org.testng.Assert.failNotEquals(Assert.java:1037)
	at org.testng.Assert.assertEqualsImpl(Assert.java:140)
	at org.testng.Assert.assertEquals(Assert.java:122)
	at org.testng.Assert.assertEquals(Assert.java:629)
	at org.testng.Assert.assertEquals(Assert.java:639)
	at RunTest.TestUpdateAccount.ResetPassword(TestUpdateAccount.java:69)
	at java.base/jdk.internal.reflect.NativeMethodAccessorImpl.invoke0(Native Method)
	at java.base/jdk.internal.reflect.NativeMethodAccessorImpl.invoke(NativeMethodAccessorImpl.java:77)
	at java.base/jdk.internal.reflect.DelegatingMethodAccessorImpl.invoke(DelegatingMethodAccessorImpl.java:43)
	at java.base/java.lang.reflect.Method.invoke(Method.java:568)
	at org.testng.internal.MethodInvocationHelper.invokeMethod(MethodInvocationHelper.java:133)
	at org.testng.internal.TestInvoker.invokeMethod(TestInvoker.java:598)
	at org.testng.internal.TestInvoker.invokeTestMethod(TestInvoker.java:173)
	at org.testng.internal.MethodRunner.runInSequence(MethodRunner.java:46)
	at org.testng.internal.TestInvoker$MethodInvocationAgent.invoke(TestInvoker.java:824)
	at org.testng.internal.TestInvoker.invokeTestMethods(TestInvoker.java:146)
	at org.testng.internal.TestMethodWorker.invokeTestMethods(TestMethodWorker.java:146)
	at org.testng.internal.TestMethodWorker.run(TestMethodWorker.java:128)
	at java.base/java.util.ArrayList.forEach(ArrayList.java:1511)
	at org.testng.TestRunner.privateRun(TestRunner.java:794)
	at org.testng.TestRunner.run(TestRunner.java:596)
	at org.testng.SuiteRunner.runTest(SuiteRunner.java:377)
	at org.testng.SuiteRunner.runSequentially(SuiteRunner.java:371)
	at org.testng.SuiteRunner.privateRun(SuiteRunner.java:332)
	at org.testng.SuiteRunner.run(SuiteRunner.java:276)
	at org.testng.SuiteRunnerWorker.runSuite(SuiteRunnerWorker.java:53)
	at org.testng.SuiteRunnerWorker.run(SuiteRunnerWorker.java:96)
	at org.testng.TestNG.runSuitesSequentially(TestNG.java:1212)
	at org.testng.TestNG.runSuitesLocally(TestNG.java:1134)
	at org.testng.TestNG.runSuites(TestNG.java:1063)
	at org.testng.TestNG.run(TestNG.java:1031)
	at org.testng.remote.AbstractRemoteTestNG.run(AbstractRemoteTestNG.java:115)
	at org.testng.remote.RemoteTestNG.initAndRun(RemoteTestNG.java:251)
	at org.testng.remote.RemoteTestNG.main(RemoteTestNG.java:77)
</pre></div></td>
<td>0</td>
<td>RunTest.TestUpdateAccount@76c3e77a</td></tr>
<tr>
<td title='RunTest.TestUpdateAccount.ChangePassword()'><b>ChangePassword</b><br>Test class: RunTest.TestUpdateAccount<br>Parameters: [Ljava.lang.String;@16e99306</td>
<td><div><pre>java.lang.AssertionError: expected [Your login is required] but found [Your old password is required]
	at RunTest.TestUpdateAccount.ChangePassword(TestUpdateAccount.java:53)
	at java.base/java.util.ArrayList.forEach(ArrayList.java:1511)
... Removed 33 stack frames</pre></div><a href='#' onClick='toggleBox("stack-trace965778714", this, "Click to show all stack frames", "Click to hide stack frames")'>Click to show all stack frames</a>
<div class='stack-trace' id='stack-trace965778714'><pre>java.lang.AssertionError: expected [Your login is required] but found [Your old password is required]
	at org.testng.Assert.fail(Assert.java:99)
	at org.testng.Assert.failNotEquals(Assert.java:1037)
	at org.testng.Assert.assertEqualsImpl(Assert.java:140)
	at org.testng.Assert.assertEquals(Assert.java:122)
	at org.testng.Assert.assertEquals(Assert.java:629)
	at org.testng.Assert.assertEquals(Assert.java:639)
	at RunTest.TestUpdateAccount.ChangePassword(TestUpdateAccount.java:53)
	at java.base/jdk.internal.reflect.NativeMethodAccessorImpl.invoke0(Native Method)
	at java.base/jdk.internal.reflect.NativeMethodAccessorImpl.invoke(NativeMethodAccessorImpl.java:77)
	at java.base/jdk.internal.reflect.DelegatingMethodAccessorImpl.invoke(DelegatingMethodAccessorImpl.java:43)
	at java.base/java.lang.reflect.Method.invoke(Method.java:568)
	at org.testng.internal.MethodInvocationHelper.invokeMethod(MethodInvocationHelper.java:133)
	at org.testng.internal.TestInvoker.invokeMethod(TestInvoker.java:598)
	at org.testng.internal.TestInvoker.invokeTestMethod(TestInvoker.java:173)
	at org.testng.internal.MethodRunner.runInSequence(MethodRunner.java:46)
	at org.testng.internal.TestInvoker$MethodInvocationAgent.invoke(TestInvoker.java:824)
	at org.testng.internal.TestInvoker.invokeTestMethods(TestInvoker.java:146)
	at org.testng.internal.TestMethodWorker.invokeTestMethods(TestMethodWorker.java:146)
	at org.testng.internal.TestMethodWorker.run(TestMethodWorker.java:128)
	at java.base/java.util.ArrayList.forEach(ArrayList.java:1511)
	at org.testng.TestRunner.privateRun(TestRunner.java:794)
	at org.testng.TestRunner.run(TestRunner.java:596)
	at org.testng.SuiteRunner.runTest(SuiteRunner.java:377)
	at org.testng.SuiteRunner.runSequentially(SuiteRunner.java:371)
	at org.testng.SuiteRunner.privateRun(SuiteRunner.java:332)
	at org.testng.SuiteRunner.run(SuiteRunner.java:276)
	at org.testng.SuiteRunnerWorker.runSuite(SuiteRunnerWorker.java:53)
	at org.testng.SuiteRunnerWorker.run(SuiteRunnerWorker.java:96)
	at org.testng.TestNG.runSuitesSequentially(TestNG.java:1212)
	at org.testng.TestNG.runSuitesLocally(TestNG.java:1134)
	at org.testng.TestNG.runSuites(TestNG.java:1063)
	at org.testng.TestNG.run(TestNG.java:1031)
	at org.testng.remote.AbstractRemoteTestNG.run(AbstractRemoteTestNG.java:115)
	at org.testng.remote.RemoteTestNG.initAndRun(RemoteTestNG.java:251)
	at org.testng.remote.RemoteTestNG.main(RemoteTestNG.java:77)
</pre></div></td>
<td>0</td>
<td>RunTest.TestUpdateAccount@76c3e77a</td></tr>
<tr>
<td title='RunTest.TestUpdateAccount.ChangePassword()'><b>ChangePassword</b><br>Test class: RunTest.TestUpdateAccount<br>Parameters: [Ljava.lang.String;@653fb8d1</td>
<td><div><pre>java.lang.AssertionError: expected [Your login is required] but found [Passwords mismatch]
	at RunTest.TestUpdateAccount.ChangePassword(TestUpdateAccount.java:53)
	at java.base/java.util.ArrayList.forEach(ArrayList.java:1511)
... Removed 33 stack frames</pre></div><a href='#' onClick='toggleBox("stack-trace1583001542", this, "Click to show all stack frames", "Click to hide stack frames")'>Click to show all stack frames</a>
<div class='stack-trace' id='stack-trace1583001542'><pre>java.lang.AssertionError: expected [Your login is required] but found [Passwords mismatch]
	at org.testng.Assert.fail(Assert.java:99)
	at org.testng.Assert.failNotEquals(Assert.java:1037)
	at org.testng.Assert.assertEqualsImpl(Assert.java:140)
	at org.testng.Assert.assertEquals(Assert.java:122)
	at org.testng.Assert.assertEquals(Assert.java:629)
	at org.testng.Assert.assertEquals(Assert.java:639)
	at RunTest.TestUpdateAccount.ChangePassword(TestUpdateAccount.java:53)
	at java.base/jdk.internal.reflect.NativeMethodAccessorImpl.invoke0(Native Method)
	at java.base/jdk.internal.reflect.NativeMethodAccessorImpl.invoke(NativeMethodAccessorImpl.java:77)
	at java.base/jdk.internal.reflect.DelegatingMethodAccessorImpl.invoke(DelegatingMethodAccessorImpl.java:43)
	at java.base/java.lang.reflect.Method.invoke(Method.java:568)
	at org.testng.internal.MethodInvocationHelper.invokeMethod(MethodInvocationHelper.java:133)
	at org.testng.internal.TestInvoker.invokeMethod(TestInvoker.java:598)
	at org.testng.internal.TestInvoker.invokeTestMethod(TestInvoker.java:173)
	at org.testng.internal.MethodRunner.runInSequence(MethodRunner.java:46)
	at org.testng.internal.TestInvoker$MethodInvocationAgent.invoke(TestInvoker.java:824)
	at org.testng.internal.TestInvoker.invokeTestMethods(TestInvoker.java:146)
	at org.testng.internal.TestMethodWorker.invokeTestMethods(TestMethodWorker.java:146)
	at org.testng.internal.TestMethodWorker.run(TestMethodWorker.java:128)
	at java.base/java.util.ArrayList.forEach(ArrayList.java:1511)
	at org.testng.TestRunner.privateRun(TestRunner.java:794)
	at org.testng.TestRunner.run(TestRunner.java:596)
	at org.testng.SuiteRunner.runTest(SuiteRunner.java:377)
	at org.testng.SuiteRunner.runSequentially(SuiteRunner.java:371)
	at org.testng.SuiteRunner.privateRun(SuiteRunner.java:332)
	at org.testng.SuiteRunner.run(SuiteRunner.java:276)
	at org.testng.SuiteRunnerWorker.runSuite(SuiteRunnerWorker.java:53)
	at org.testng.SuiteRunnerWorker.run(SuiteRunnerWorker.java:96)
	at org.testng.TestNG.runSuitesSequentially(TestNG.java:1212)
	at org.testng.TestNG.runSuitesLocally(TestNG.java:1134)
	at org.testng.TestNG.runSuites(TestNG.java:1063)
	at org.testng.TestNG.run(TestNG.java:1031)
	at org.testng.remote.AbstractRemoteTestNG.run(AbstractRemoteTestNG.java:115)
	at org.testng.remote.RemoteTestNG.initAndRun(RemoteTestNG.java:251)
	at org.testng.remote.RemoteTestNG.main(RemoteTestNG.java:77)
</pre></div></td>
<td>0</td>
<td>RunTest.TestUpdateAccount@76c3e77a</td></tr>
</table><p>
<table width='100%' border='1' class='invocation-passed'>
<tr><td colspan='4' align='center'><b>PASSED TESTS</b></td></tr>
<tr><td><b>Test method</b></td>
<td width="30%"><b>Exception</b></td>
<td width="10%"><b>Time (seconds)</b></td>
<td><b>Instance</b></td>
</tr>
<tr>
<td title='RunTest.TestUpdateAccount.ResetPassword()'><b>ResetPassword</b><br>Test class: RunTest.TestUpdateAccount<br>Parameters: [Ljava.lang.String;@48581a3b</td>
<td></td>
<td>0</td>
<td>RunTest.TestUpdateAccount@76c3e77a</td></tr>
<tr>
<td title='RunTest.TestUpdateAccount.ChangePassword()'><b>ChangePassword</b><br>Test class: RunTest.TestUpdateAccount<br>Parameters: [Ljava.lang.String;@531ec978</td>
<td></td>
<td>0</td>
<td>RunTest.TestUpdateAccount@76c3e77a</td></tr>
<tr>
<td title='RunTest.TestUpdateAccount.ChangePassword()'><b>ChangePassword</b><br>Test class: RunTest.TestUpdateAccount<br>Parameters: [Ljava.lang.String;@93501be</td>
<td></td>
<td>0</td>
<td>RunTest.TestUpdateAccount@76c3e77a</td></tr>
<tr>
<td title='RunTest.TestUpdateAccount.ChangePassword()'><b>ChangePassword</b><br>Test class: RunTest.TestUpdateAccount<br>Parameters: [Ljava.lang.String;@11d4d979</td>
<td></td>
<td>0</td>
<td>RunTest.TestUpdateAccount@76c3e77a</td></tr>
<tr>
<td title='RunTest.TestUpdateAccount.ChangePassword()'><b>ChangePassword</b><br>Test class: RunTest.TestUpdateAccount<br>Parameters: [Ljava.lang.String;@195580ba</td>
<td></td>
<td>0</td>
<td>RunTest.TestUpdateAccount@76c3e77a</td></tr>
<tr>
<td title='RunTest.TestUpdateAccount.ResetPassword()'><b>ResetPassword</b><br>Test class: RunTest.TestUpdateAccount<br>Parameters: [Ljava.lang.String;@3c25cfe1</td>
<td></td>
<td>0</td>
<td>RunTest.TestUpdateAccount@76c3e77a</td></tr>
<tr>
<td title='RunTest.TestUpdateAccount.ResetPassword()'><b>ResetPassword</b><br>Test class: RunTest.TestUpdateAccount<br>Parameters: [Ljava.lang.String;@1d3c112a</td>
<td></td>
<td>0</td>
<td>RunTest.TestUpdateAccount@76c3e77a</td></tr>
<tr>
<td title='RunTest.TestUpdateAccount.ChangePassword()'><b>ChangePassword</b><br>Test class: RunTest.TestUpdateAccount<br>Parameters: [Ljava.lang.String;@2a140ce5</td>
<td></td>
<td>0</td>
<td>RunTest.TestUpdateAccount@76c3e77a</td></tr>
<tr>
<td title='RunTest.TestUpdateAccount.ChangePassword()'><b>ChangePassword</b><br>Test class: RunTest.TestUpdateAccount<br>Parameters: [Ljava.lang.String;@1f71194d</td>
<td></td>
<td>0</td>
<td>RunTest.TestUpdateAccount@76c3e77a</td></tr>
<tr>
<td title='RunTest.TestUpdateAccount.ResetPassword()'><b>ResetPassword</b><br>Test class: RunTest.TestUpdateAccount<br>Parameters: [Ljava.lang.String;@db99785</td>
<td></td>
<td>0</td>
<td>RunTest.TestUpdateAccount@76c3e77a</td></tr>
<tr>
<td title='RunTest.TestUpdateAccount.ChangePassword()'><b>ChangePassword</b><br>Test class: RunTest.TestUpdateAccount<br>Parameters: [Ljava.lang.String;@70716259</td>
<td></td>
<td>0</td>
<td>RunTest.TestUpdateAccount@76c3e77a</td></tr>
</table><p>
</body>
</html>