<?xml version="1.0" encoding="UTF-8"?>
<!-- Generated by org.testng.reporters.JUnitReportReporter -->
<testsuite hostname="DODINHPHUQUI" failures="1" tests="14" name="Test.Main" time="9.335" errors="0" timestamp="2022-12-12T22:25:10 ICT" skipped="0">
  <testcase classname="Test.Main" name="ResetPassword" time="0.590"/>
  <system-out/>
  <testcase classname="Test.Main" name="ChangePassword" time="0.913"/>
  <system-out/>
  <testcase classname="Test.Main" name="ChangePassword" time="0.673"/>
  <system-out/>
  <testcase classname="Test.Main" name="ChangePassword" time="0.607"/>
  <system-out/>
  <testcase classname="Test.Main" name="ResetPassword" time="0.817"/>
  <system-out/>
  <testcase classname="Test.Main" name="ResetPassword" time="0.640">
    <failure message="expected [Login or password incorrect] but found [The alternative email address does not match the submitted user name]" type="java.lang.AssertionError">
      <![CDATA[java.lang.AssertionError: expected [Login or password incorrect] but found [The alternative email address does not match the submitted user name]
at org.testng.Assert.fail(Assert.java:99)
at org.testng.Assert.failNotEquals(Assert.java:1037)
at org.testng.Assert.assertEqualsImpl(Assert.java:140)
at org.testng.Assert.assertEquals(Assert.java:122)
at org.testng.Assert.assertEquals(Assert.java:629)
at org.testng.Assert.assertEquals(Assert.java:639)
at Test.Main.ResetPassword(Main.java:59)
at java.base/jdk.internal.reflect.NativeMethodAccessorImpl.invoke0(Native Method)
at java.base/jdk.internal.reflect.NativeMethodAccessorImpl.invoke(NativeMethodAccessorImpl.java:77)
at java.base/jdk.internal.reflect.DelegatingMethodAccessorImpl.invoke(DelegatingMethodAccessorImpl.java:43)
at java.base/java.lang.reflect.Method.invoke(Method.java:568)
at org.testng.internal.MethodInvocationHelper.invokeMethod(MethodInvocationHelper.java:133)
at org.testng.internal.TestInvoker.invokeMethod(TestInvoker.java:598)
at org.testng.internal.TestInvoker.invokeTestMethod(TestInvoker.java:173)
at org.testng.internal.MethodRunner.runInSequence(MethodRunner.java:46)
at org.testng.internal.TestInvoker$MethodInvocationAgent.invoke(TestInvoker.java:824)
at org.testng.internal.TestInvoker.invokeTestMethods(TestInvoker.java:146)
at org.testng.internal.TestMethodWorker.invokeTestMethods(TestMethodWorker.java:146)
at org.testng.internal.TestMethodWorker.run(TestMethodWorker.java:128)
at java.base/java.util.ArrayList.forEach(ArrayList.java:1511)
at org.testng.TestRunner.privateRun(TestRunner.java:794)
at org.testng.TestRunner.run(TestRunner.java:596)
at org.testng.SuiteRunner.runTest(SuiteRunner.java:377)
at org.testng.SuiteRunner.runSequentially(SuiteRunner.java:371)
at org.testng.SuiteRunner.privateRun(SuiteRunner.java:332)
at org.testng.SuiteRunner.run(SuiteRunner.java:276)
at org.testng.SuiteRunnerWorker.runSuite(SuiteRunnerWorker.java:53)
at org.testng.SuiteRunnerWorker.run(SuiteRunnerWorker.java:96)
at org.testng.TestNG.runSuitesSequentially(TestNG.java:1212)
at org.testng.TestNG.runSuitesLocally(TestNG.java:1134)
at org.testng.TestNG.runSuites(TestNG.java:1063)
at org.testng.TestNG.run(TestNG.java:1031)
at org.testng.remote.AbstractRemoteTestNG.run(AbstractRemoteTestNG.java:115)
at org.testng.remote.RemoteTestNG.initAndRun(RemoteTestNG.java:251)
at org.testng.remote.RemoteTestNG.main(RemoteTestNG.java:77)
]]>
    </failure>
  </testcase> <!-- ResetPassword -->
  <system-out/>
  <testcase classname="Test.Main" name="ChangePassword" time="0.612"/>
  <system-out/>
  <testcase classname="Test.Main" name="ResetPassword" time="0.574"/>
  <system-out/>
  <testcase classname="Test.Main" name="ChangePassword" time="0.850"/>
  <system-out/>
  <testcase classname="Test.Main" name="ChangePassword" time="0.599"/>
  <system-out/>
  <testcase classname="Test.Main" name="ChangePassword" time="0.634"/>
  <system-out/>
  <testcase classname="Test.Main" name="ChangePassword" time="0.505"/>
  <system-out/>
  <testcase classname="Test.Main" name="ResetPassword" time="0.744"/>
  <system-out/>
  <testcase classname="Test.Main" name="ChangePassword" time="0.577"/>
  <system-out/>
</testsuite> <!-- Test.Main -->
