<?xml version="1.0" encoding="UTF-8"?>
<testng-results ignored="0" total="21" passed="16" failed="5" skipped="0">
  <reporter-output>
  </reporter-output>
  <suite started-at="2022-12-14T18:37:05 ICT" name="Automation Testing" finished-at="2022-12-14T18:39:04 ICT" duration-ms="119114">
    <groups>
    </groups>
    <test started-at="2022-12-14T18:37:05 ICT" name="Update Password" finished-at="2022-12-14T18:37:23 ICT" duration-ms="18600">
      <class name="RunTest.TestUpdateAccount">
        <test-method is-config="true" signature="SetUp()[pri:0, instance:RunTest.TestUpdateAccount@76c3e77a]" started-at="2022-12-14T18:37:05 ICT" name="SetUp" finished-at="2022-12-14T18:37:14 ICT" duration-ms="9814" status="PASS">
          <reporter-output>
          </reporter-output>
        </test-method> <!-- SetUp -->
        <test-method signature="ChangePassword([Ljava.lang.String;)[pri:0, instance:RunTest.TestUpdateAccount@76c3e77a]" started-at="2022-12-14T18:37:15 ICT" name="ChangePassword" data-provider="getData" finished-at="2022-12-14T18:37:16 ICT" duration-ms="587" status="FAIL">
          <params>
            <param index="0">
              <value>
                <![CDATA[[Ljava.lang.String;@13d019a4]]>
              </value>
            </param>
          </params>
          <exception class="java.lang.AssertionError">
            <message>
              <![CDATA[expected [Your login is required] but found [Your old password is required]]]>
            </message>
            <full-stacktrace>
              <![CDATA[java.lang.AssertionError: expected [Your login is required] but found [Your old password is required]
at org.testng.Assert.fail(Assert.java:99)
at org.testng.Assert.failNotEquals(Assert.java:1037)
at org.testng.Assert.assertEqualsImpl(Assert.java:140)
at org.testng.Assert.assertEquals(Assert.java:122)
at org.testng.Assert.assertEquals(Assert.java:629)
at org.testng.Assert.assertEquals(Assert.java:639)
at RunTest.TestUpdateAccount.ChangePassword(TestUpdateAccount.java:53)
at java.base/jdk.internal.reflect.NativeMethodAccessorImpl.invoke0(Native Method)
at java.base/jdk.internal.reflect.NativeMethodAccessorImpl.invoke(NativeMethodAccessorImpl.java:77)
at java.base/jdk.internal.reflect.DelegatingMethodAccessorImpl.invoke(DelegatingMethodAccessorImpl.java:43)
at java.base/java.lang.reflect.Method.invoke(Method.java:568)
at org.testng.internal.MethodInvocationHelper.invokeMethod(MethodInvocationHelper.java:133)
at org.testng.internal.TestInvoker.invokeMethod(TestInvoker.java:598)
at org.testng.internal.TestInvoker.invokeTestMethod(TestInvoker.java:173)
at org.testng.internal.MethodRunner.runInSequence(MethodRunner.java:46)
at org.testng.internal.TestInvoker$MethodInvocationAgent.invoke(TestInvoker.java:824)
at org.testng.internal.TestInvoker.invokeTestMethods(TestInvoker.java:146)
at org.testng.internal.TestMethodWorker.invokeTestMethods(TestMethodWorker.java:146)
at org.testng.internal.TestMethodWorker.run(TestMethodWorker.java:128)
at java.base/java.util.ArrayList.forEach(ArrayList.java:1511)
at org.testng.TestRunner.privateRun(TestRunner.java:794)
at org.testng.TestRunner.run(TestRunner.java:596)
at org.testng.SuiteRunner.runTest(SuiteRunner.java:377)
at org.testng.SuiteRunner.runSequentially(SuiteRunner.java:371)
at org.testng.SuiteRunner.privateRun(SuiteRunner.java:332)
at org.testng.SuiteRunner.run(SuiteRunner.java:276)
at org.testng.SuiteRunnerWorker.runSuite(SuiteRunnerWorker.java:53)
at org.testng.SuiteRunnerWorker.run(SuiteRunnerWorker.java:96)
at org.testng.TestNG.runSuitesSequentially(TestNG.java:1212)
at org.testng.TestNG.runSuitesLocally(TestNG.java:1134)
at org.testng.TestNG.runSuites(TestNG.java:1063)
at org.testng.TestNG.run(TestNG.java:1031)
at org.testng.remote.AbstractRemoteTestNG.run(AbstractRemoteTestNG.java:115)
at org.testng.remote.RemoteTestNG.initAndRun(RemoteTestNG.java:251)
at org.testng.remote.RemoteTestNG.main(RemoteTestNG.java:77)
]]>
            </full-stacktrace>
          </exception> <!-- java.lang.AssertionError -->
          <reporter-output>
          </reporter-output>
        </test-method> <!-- ChangePassword -->
        <test-method is-config="true" signature="ClearUsername()[pri:0, instance:RunTest.TestUpdateAccount@76c3e77a]" started-at="2022-12-14T18:37:16 ICT" name="ClearUsername" finished-at="2022-12-14T18:37:16 ICT" duration-ms="50" status="PASS">
          <reporter-output>
          </reporter-output>
        </test-method> <!-- ClearUsername -->
        <test-method signature="ChangePassword([Ljava.lang.String;)[pri:0, instance:RunTest.TestUpdateAccount@76c3e77a]" started-at="2022-12-14T18:37:16 ICT" name="ChangePassword" data-provider="getData" finished-at="2022-12-14T18:37:16 ICT" duration-ms="453" status="PASS">
          <params>
            <param index="0">
              <value>
                <![CDATA[[Ljava.lang.String;@7e5b621b]]>
              </value>
            </param>
          </params>
          <reporter-output>
          </reporter-output>
        </test-method> <!-- ChangePassword -->
        <test-method is-config="true" signature="ClearUsername()[pri:0, instance:RunTest.TestUpdateAccount@76c3e77a]" started-at="2022-12-14T18:37:16 ICT" name="ClearUsername" finished-at="2022-12-14T18:37:17 ICT" duration-ms="38" status="PASS">
          <reporter-output>
          </reporter-output>
        </test-method> <!-- ClearUsername -->
        <test-method signature="ChangePassword([Ljava.lang.String;)[pri:0, instance:RunTest.TestUpdateAccount@76c3e77a]" started-at="2022-12-14T18:37:17 ICT" name="ChangePassword" data-provider="getData" finished-at="2022-12-14T18:37:17 ICT" duration-ms="413" status="FAIL">
          <params>
            <param index="0">
              <value>
                <![CDATA[[Ljava.lang.String;@19da993b]]>
              </value>
            </param>
          </params>
          <exception class="java.lang.AssertionError">
            <message>
              <![CDATA[expected [Your login is required] but found [Passwords mismatch]]]>
            </message>
            <full-stacktrace>
              <![CDATA[java.lang.AssertionError: expected [Your login is required] but found [Passwords mismatch]
at org.testng.Assert.fail(Assert.java:99)
at org.testng.Assert.failNotEquals(Assert.java:1037)
at org.testng.Assert.assertEqualsImpl(Assert.java:140)
at org.testng.Assert.assertEquals(Assert.java:122)
at org.testng.Assert.assertEquals(Assert.java:629)
at org.testng.Assert.assertEquals(Assert.java:639)
at RunTest.TestUpdateAccount.ChangePassword(TestUpdateAccount.java:53)
at java.base/jdk.internal.reflect.NativeMethodAccessorImpl.invoke0(Native Method)
at java.base/jdk.internal.reflect.NativeMethodAccessorImpl.invoke(NativeMethodAccessorImpl.java:77)
at java.base/jdk.internal.reflect.DelegatingMethodAccessorImpl.invoke(DelegatingMethodAccessorImpl.java:43)
at java.base/java.lang.reflect.Method.invoke(Method.java:568)
at org.testng.internal.MethodInvocationHelper.invokeMethod(MethodInvocationHelper.java:133)
at org.testng.internal.TestInvoker.invokeMethod(TestInvoker.java:598)
at org.testng.internal.TestInvoker.invokeTestMethod(TestInvoker.java:173)
at org.testng.internal.MethodRunner.runInSequence(MethodRunner.java:46)
at org.testng.internal.TestInvoker$MethodInvocationAgent.invoke(TestInvoker.java:824)
at org.testng.internal.TestInvoker.invokeTestMethods(TestInvoker.java:146)
at org.testng.internal.TestMethodWorker.invokeTestMethods(TestMethodWorker.java:146)
at org.testng.internal.TestMethodWorker.run(TestMethodWorker.java:128)
at java.base/java.util.ArrayList.forEach(ArrayList.java:1511)
at org.testng.TestRunner.privateRun(TestRunner.java:794)
at org.testng.TestRunner.run(TestRunner.java:596)
at org.testng.SuiteRunner.runTest(SuiteRunner.java:377)
at org.testng.SuiteRunner.runSequentially(SuiteRunner.java:371)
at org.testng.SuiteRunner.privateRun(SuiteRunner.java:332)
at org.testng.SuiteRunner.run(SuiteRunner.java:276)
at org.testng.SuiteRunnerWorker.runSuite(SuiteRunnerWorker.java:53)
at org.testng.SuiteRunnerWorker.run(SuiteRunnerWorker.java:96)
at org.testng.TestNG.runSuitesSequentially(TestNG.java:1212)
at org.testng.TestNG.runSuitesLocally(TestNG.java:1134)
at org.testng.TestNG.runSuites(TestNG.java:1063)
at org.testng.TestNG.run(TestNG.java:1031)
at org.testng.remote.AbstractRemoteTestNG.run(AbstractRemoteTestNG.java:115)
at org.testng.remote.RemoteTestNG.initAndRun(RemoteTestNG.java:251)
at org.testng.remote.RemoteTestNG.main(RemoteTestNG.java:77)
]]>
            </full-stacktrace>
          </exception> <!-- java.lang.AssertionError -->
          <reporter-output>
          </reporter-output>
        </test-method> <!-- ChangePassword -->
        <test-method is-config="true" signature="ClearUsername()[pri:0, instance:RunTest.TestUpdateAccount@76c3e77a]" started-at="2022-12-14T18:37:17 ICT" name="ClearUsername" finished-at="2022-12-14T18:37:17 ICT" duration-ms="39" status="PASS">
          <reporter-output>
          </reporter-output>
        </test-method> <!-- ClearUsername -->
        <test-method signature="ChangePassword([Ljava.lang.String;)[pri:0, instance:RunTest.TestUpdateAccount@76c3e77a]" started-at="2022-12-14T18:37:17 ICT" name="ChangePassword" data-provider="getData" finished-at="2022-12-14T18:37:17 ICT" duration-ms="489" status="PASS">
          <params>
            <param index="0">
              <value>
                <![CDATA[[Ljava.lang.String;@3c19592c]]>
              </value>
            </param>
          </params>
          <reporter-output>
          </reporter-output>
        </test-method> <!-- ChangePassword -->
        <test-method is-config="true" signature="ClearUsername()[pri:0, instance:RunTest.TestUpdateAccount@76c3e77a]" started-at="2022-12-14T18:37:17 ICT" name="ClearUsername" finished-at="2022-12-14T18:37:17 ICT" duration-ms="39" status="PASS">
          <reporter-output>
          </reporter-output>
        </test-method> <!-- ClearUsername -->
        <test-method signature="ChangePassword([Ljava.lang.String;)[pri:0, instance:RunTest.TestUpdateAccount@76c3e77a]" started-at="2022-12-14T18:37:17 ICT" name="ChangePassword" data-provider="getData" finished-at="2022-12-14T18:37:18 ICT" duration-ms="453" status="PASS">
          <params>
            <param index="0">
              <value>
                <![CDATA[[Ljava.lang.String;@5f9f3e58]]>
              </value>
            </param>
          </params>
          <reporter-output>
          </reporter-output>
        </test-method> <!-- ChangePassword -->
        <test-method is-config="true" signature="ClearUsername()[pri:0, instance:RunTest.TestUpdateAccount@76c3e77a]" started-at="2022-12-14T18:37:18 ICT" name="ClearUsername" finished-at="2022-12-14T18:37:18 ICT" duration-ms="39" status="PASS">
          <reporter-output>
          </reporter-output>
        </test-method> <!-- ClearUsername -->
        <test-method signature="ChangePassword([Ljava.lang.String;)[pri:0, instance:RunTest.TestUpdateAccount@76c3e77a]" started-at="2022-12-14T18:37:18 ICT" name="ChangePassword" data-provider="getData" finished-at="2022-12-14T18:37:18 ICT" duration-ms="440" status="PASS">
          <params>
            <param index="0">
              <value>
                <![CDATA[[Ljava.lang.String;@60e1d87c]]>
              </value>
            </param>
          </params>
          <reporter-output>
          </reporter-output>
        </test-method> <!-- ChangePassword -->
        <test-method is-config="true" signature="ClearUsername()[pri:0, instance:RunTest.TestUpdateAccount@76c3e77a]" started-at="2022-12-14T18:37:18 ICT" name="ClearUsername" finished-at="2022-12-14T18:37:18 ICT" duration-ms="41" status="PASS">
          <reporter-output>
          </reporter-output>
        </test-method> <!-- ClearUsername -->
        <test-method signature="ChangePassword([Ljava.lang.String;)[pri:0, instance:RunTest.TestUpdateAccount@76c3e77a]" started-at="2022-12-14T18:37:18 ICT" name="ChangePassword" data-provider="getData" finished-at="2022-12-14T18:37:19 ICT" duration-ms="445" status="PASS">
          <params>
            <param index="0">
              <value>
                <![CDATA[[Ljava.lang.String;@741741d0]]>
              </value>
            </param>
          </params>
          <reporter-output>
          </reporter-output>
        </test-method> <!-- ChangePassword -->
        <test-method is-config="true" signature="ClearUsername()[pri:0, instance:RunTest.TestUpdateAccount@76c3e77a]" started-at="2022-12-14T18:37:19 ICT" name="ClearUsername" finished-at="2022-12-14T18:37:19 ICT" duration-ms="42" status="PASS">
          <reporter-output>
          </reporter-output>
        </test-method> <!-- ClearUsername -->
        <test-method signature="ChangePassword([Ljava.lang.String;)[pri:0, instance:RunTest.TestUpdateAccount@76c3e77a]" started-at="2022-12-14T18:37:19 ICT" name="ChangePassword" data-provider="getData" finished-at="2022-12-14T18:37:19 ICT" duration-ms="469" status="PASS">
          <params>
            <param index="0">
              <value>
                <![CDATA[[Ljava.lang.String;@10177794]]>
              </value>
            </param>
          </params>
          <reporter-output>
          </reporter-output>
        </test-method> <!-- ChangePassword -->
        <test-method is-config="true" signature="ClearUsername()[pri:0, instance:RunTest.TestUpdateAccount@76c3e77a]" started-at="2022-12-14T18:37:19 ICT" name="ClearUsername" finished-at="2022-12-14T18:37:19 ICT" duration-ms="42" status="PASS">
          <reporter-output>
          </reporter-output>
        </test-method> <!-- ClearUsername -->
        <test-method signature="ChangePassword([Ljava.lang.String;)[pri:0, instance:RunTest.TestUpdateAccount@76c3e77a]" started-at="2022-12-14T18:37:19 ICT" name="ChangePassword" data-provider="getData" finished-at="2022-12-14T18:37:20 ICT" duration-ms="425" status="PASS">
          <params>
            <param index="0">
              <value>
                <![CDATA[[Ljava.lang.String;@41f3aaf1]]>
              </value>
            </param>
          </params>
          <reporter-output>
          </reporter-output>
        </test-method> <!-- ChangePassword -->
        <test-method is-config="true" signature="ClearUsername()[pri:0, instance:RunTest.TestUpdateAccount@76c3e77a]" started-at="2022-12-14T18:37:20 ICT" name="ClearUsername" finished-at="2022-12-14T18:37:20 ICT" duration-ms="44" status="PASS">
          <reporter-output>
          </reporter-output>
        </test-method> <!-- ClearUsername -->
        <test-method signature="ResetPassword([Ljava.lang.String;)[pri:1, instance:RunTest.TestUpdateAccount@76c3e77a]" started-at="2022-12-14T18:37:20 ICT" name="ResetPassword" data-provider="getData" finished-at="2022-12-14T18:37:20 ICT" duration-ms="470" status="PASS">
          <params>
            <param index="0">
              <value>
                <![CDATA[[Ljava.lang.String;@23310248]]>
              </value>
            </param>
          </params>
          <reporter-output>
          </reporter-output>
        </test-method> <!-- ResetPassword -->
        <test-method is-config="true" signature="ClearUsername()[pri:0, instance:RunTest.TestUpdateAccount@76c3e77a]" started-at="2022-12-14T18:37:20 ICT" name="ClearUsername" finished-at="2022-12-14T18:37:21 ICT" duration-ms="39" status="PASS">
          <reporter-output>
          </reporter-output>
        </test-method> <!-- ClearUsername -->
        <test-method signature="ResetPassword([Ljava.lang.String;)[pri:1, instance:RunTest.TestUpdateAccount@76c3e77a]" started-at="2022-12-14T18:37:21 ICT" name="ResetPassword" data-provider="getData" finished-at="2022-12-14T18:37:21 ICT" duration-ms="514" status="PASS">
          <params>
            <param index="0">
              <value>
                <![CDATA[[Ljava.lang.String;@2eb60c71]]>
              </value>
            </param>
          </params>
          <reporter-output>
          </reporter-output>
        </test-method> <!-- ResetPassword -->
        <test-method is-config="true" signature="ClearUsername()[pri:0, instance:RunTest.TestUpdateAccount@76c3e77a]" started-at="2022-12-14T18:37:21 ICT" name="ClearUsername" finished-at="2022-12-14T18:37:21 ICT" duration-ms="39" status="PASS">
          <reporter-output>
          </reporter-output>
        </test-method> <!-- ClearUsername -->
        <test-method signature="ResetPassword([Ljava.lang.String;)[pri:1, instance:RunTest.TestUpdateAccount@76c3e77a]" started-at="2022-12-14T18:37:21 ICT" name="ResetPassword" data-provider="getData" finished-at="2022-12-14T18:37:22 ICT" duration-ms="547" status="FAIL">
          <params>
            <param index="0">
              <value>
                <![CDATA[[Ljava.lang.String;@3380ca3d]]>
              </value>
            </param>
          </params>
          <exception class="java.lang.AssertionError">
            <message>
              <![CDATA[expected [Login or password incorrect] but found [The alternative email address does not match the submitted user name]]]>
            </message>
            <full-stacktrace>
              <![CDATA[java.lang.AssertionError: expected [Login or password incorrect] but found [The alternative email address does not match the submitted user name]
at org.testng.Assert.fail(Assert.java:99)
at org.testng.Assert.failNotEquals(Assert.java:1037)
at org.testng.Assert.assertEqualsImpl(Assert.java:140)
at org.testng.Assert.assertEquals(Assert.java:122)
at org.testng.Assert.assertEquals(Assert.java:629)
at org.testng.Assert.assertEquals(Assert.java:639)
at RunTest.TestUpdateAccount.ResetPassword(TestUpdateAccount.java:69)
at java.base/jdk.internal.reflect.NativeMethodAccessorImpl.invoke0(Native Method)
at java.base/jdk.internal.reflect.NativeMethodAccessorImpl.invoke(NativeMethodAccessorImpl.java:77)
at java.base/jdk.internal.reflect.DelegatingMethodAccessorImpl.invoke(DelegatingMethodAccessorImpl.java:43)
at java.base/java.lang.reflect.Method.invoke(Method.java:568)
at org.testng.internal.MethodInvocationHelper.invokeMethod(MethodInvocationHelper.java:133)
at org.testng.internal.TestInvoker.invokeMethod(TestInvoker.java:598)
at org.testng.internal.TestInvoker.invokeTestMethod(TestInvoker.java:173)
at org.testng.internal.MethodRunner.runInSequence(MethodRunner.java:46)
at org.testng.internal.TestInvoker$MethodInvocationAgent.invoke(TestInvoker.java:824)
at org.testng.internal.TestInvoker.invokeTestMethods(TestInvoker.java:146)
at org.testng.internal.TestMethodWorker.invokeTestMethods(TestMethodWorker.java:146)
at org.testng.internal.TestMethodWorker.run(TestMethodWorker.java:128)
at java.base/java.util.ArrayList.forEach(ArrayList.java:1511)
at org.testng.TestRunner.privateRun(TestRunner.java:794)
at org.testng.TestRunner.run(TestRunner.java:596)
at org.testng.SuiteRunner.runTest(SuiteRunner.java:377)
at org.testng.SuiteRunner.runSequentially(SuiteRunner.java:371)
at org.testng.SuiteRunner.privateRun(SuiteRunner.java:332)
at org.testng.SuiteRunner.run(SuiteRunner.java:276)
at org.testng.SuiteRunnerWorker.runSuite(SuiteRunnerWorker.java:53)
at org.testng.SuiteRunnerWorker.run(SuiteRunnerWorker.java:96)
at org.testng.TestNG.runSuitesSequentially(TestNG.java:1212)
at org.testng.TestNG.runSuitesLocally(TestNG.java:1134)
at org.testng.TestNG.runSuites(TestNG.java:1063)
at org.testng.TestNG.run(TestNG.java:1031)
at org.testng.remote.AbstractRemoteTestNG.run(AbstractRemoteTestNG.java:115)
at org.testng.remote.RemoteTestNG.initAndRun(RemoteTestNG.java:251)
at org.testng.remote.RemoteTestNG.main(RemoteTestNG.java:77)
]]>
            </full-stacktrace>
          </exception> <!-- java.lang.AssertionError -->
          <reporter-output>
          </reporter-output>
        </test-method> <!-- ResetPassword -->
        <test-method is-config="true" signature="ClearUsername()[pri:0, instance:RunTest.TestUpdateAccount@76c3e77a]" started-at="2022-12-14T18:37:22 ICT" name="ClearUsername" finished-at="2022-12-14T18:37:22 ICT" duration-ms="44" status="PASS">
          <reporter-output>
          </reporter-output>
        </test-method> <!-- ClearUsername -->
        <test-method signature="ResetPassword([Ljava.lang.String;)[pri:1, instance:RunTest.TestUpdateAccount@76c3e77a]" started-at="2022-12-14T18:37:22 ICT" name="ResetPassword" data-provider="getData" finished-at="2022-12-14T18:37:22 ICT" duration-ms="491" status="PASS">
          <params>
            <param index="0">
              <value>
                <![CDATA[[Ljava.lang.String;@87d9a01]]>
              </value>
            </param>
          </params>
          <reporter-output>
          </reporter-output>
        </test-method> <!-- ResetPassword -->
        <test-method is-config="true" signature="ClearUsername()[pri:0, instance:RunTest.TestUpdateAccount@76c3e77a]" started-at="2022-12-14T18:37:22 ICT" name="ClearUsername" finished-at="2022-12-14T18:37:22 ICT" duration-ms="41" status="PASS">
          <reporter-output>
          </reporter-output>
        </test-method> <!-- ClearUsername -->
        <test-method signature="ResetPassword([Ljava.lang.String;)[pri:1, instance:RunTest.TestUpdateAccount@76c3e77a]" started-at="2022-12-14T18:37:22 ICT" name="ResetPassword" data-provider="getData" finished-at="2022-12-14T18:37:23 ICT" duration-ms="533" status="PASS">
          <params>
            <param index="0">
              <value>
                <![CDATA[[Ljava.lang.String;@c2df90e]]>
              </value>
            </param>
          </params>
          <reporter-output>
          </reporter-output>
        </test-method> <!-- ResetPassword -->
        <test-method is-config="true" signature="ClearUsername()[pri:0, instance:RunTest.TestUpdateAccount@76c3e77a]" started-at="2022-12-14T18:37:23 ICT" name="ClearUsername" finished-at="2022-12-14T18:37:23 ICT" duration-ms="37" status="PASS">
          <reporter-output>
          </reporter-output>
        </test-method> <!-- ClearUsername -->
        <test-method is-config="true" signature="Quit()[pri:0, instance:RunTest.TestUpdateAccount@76c3e77a]" started-at="2022-12-14T18:37:23 ICT" name="Quit" finished-at="2022-12-14T18:37:23 ICT" duration-ms="347" status="PASS">
          <reporter-output>
          </reporter-output>
        </test-method> <!-- Quit -->
      </class> <!-- RunTest.TestUpdateAccount -->
    </test> <!-- Update Password -->
    <test started-at="2022-12-14T18:37:23 ICT" name="Update image" finished-at="2022-12-14T18:39:04 ICT" duration-ms="100439">
      <class name="RunTest.TestUpdateImage">
        <test-method is-config="true" signature="SetUp()[pri:0, instance:RunTest.TestUpdateImage@54bff557]" started-at="2022-12-14T18:37:23 ICT" name="SetUp" finished-at="2022-12-14T18:37:36 ICT" duration-ms="12414" status="PASS">
          <reporter-output>
          </reporter-output>
        </test-method> <!-- SetUp -->
        <test-method signature="UpdateImage([Ljava.lang.String;)[pri:0, instance:RunTest.TestUpdateImage@54bff557]" started-at="2022-12-14T18:37:36 ICT" name="UpdateImage" data-provider="getFile" finished-at="2022-12-14T18:37:40 ICT" duration-ms="3832" status="PASS">
          <params>
            <param index="0">
              <value>
                <![CDATA[[Ljava.lang.String;@150fc7a7]]>
              </value>
            </param>
          </params>
          <reporter-output>
          </reporter-output>
        </test-method> <!-- UpdateImage -->
        <test-method signature="UpdateImage([Ljava.lang.String;)[pri:0, instance:RunTest.TestUpdateImage@54bff557]" started-at="2022-12-14T18:37:40 ICT" name="UpdateImage" data-provider="getFile" finished-at="2022-12-14T18:37:47 ICT" duration-ms="7641" status="PASS">
          <params>
            <param index="0">
              <value>
                <![CDATA[[Ljava.lang.String;@700b9e6b]]>
              </value>
            </param>
          </params>
          <reporter-output>
          </reporter-output>
        </test-method> <!-- UpdateImage -->
        <test-method signature="UpdateImage([Ljava.lang.String;)[pri:0, instance:RunTest.TestUpdateImage@54bff557]" started-at="2022-12-14T18:37:47 ICT" name="UpdateImage" data-provider="getFile" finished-at="2022-12-14T18:37:55 ICT" duration-ms="8101" status="PASS">
          <params>
            <param index="0">
              <value>
                <![CDATA[[Ljava.lang.String;@55d8c2c4]]>
              </value>
            </param>
          </params>
          <reporter-output>
          </reporter-output>
        </test-method> <!-- UpdateImage -->
        <test-method signature="UpdateImage([Ljava.lang.String;)[pri:0, instance:RunTest.TestUpdateImage@54bff557]" started-at="2022-12-14T18:37:55 ICT" name="UpdateImage" data-provider="getFile" finished-at="2022-12-14T18:37:59 ICT" duration-ms="3719" status="PASS">
          <params>
            <param index="0">
              <value>
                <![CDATA[[Ljava.lang.String;@489110c2]]>
              </value>
            </param>
          </params>
          <reporter-output>
          </reporter-output>
        </test-method> <!-- UpdateImage -->
        <test-method signature="UpdateImage([Ljava.lang.String;)[pri:0, instance:RunTest.TestUpdateImage@54bff557]" started-at="2022-12-14T18:37:59 ICT" name="UpdateImage" data-provider="getFile" finished-at="2022-12-14T18:38:03 ICT" duration-ms="4303" status="PASS">
          <params>
            <param index="0">
              <value>
                <![CDATA[[Ljava.lang.String;@7ac5b4c]]>
              </value>
            </param>
          </params>
          <reporter-output>
          </reporter-output>
        </test-method> <!-- UpdateImage -->
        <test-method signature="UpdateImage([Ljava.lang.String;)[pri:0, instance:RunTest.TestUpdateImage@54bff557]" started-at="2022-12-14T18:38:03 ICT" name="UpdateImage" data-provider="getFile" finished-at="2022-12-14T18:38:34 ICT" duration-ms="30197" status="FAIL">
          <params>
            <param index="0">
              <value>
                <![CDATA[[Ljava.lang.String;@3cc9632d]]>
              </value>
            </param>
          </params>
          <exception class="org.openqa.selenium.NoSuchElementException">
            <message>
              <![CDATA[no such element: Unable to locate element: {"method":"xpath","selector":"/html/body/div[8]/div[3]/div/div[2]/div/div/div[2]/div/div[2]/div/div/form/div/div[1]/div/input"}
  (Session info: chrome=108.0.5359.99)
For documentation on this error, please visit: https://selenium.dev/exceptions/#no_such_element
Build info: version: '4.6.0', revision: '79f1c02ae20'
System info: os.name: 'Windows 10', os.arch: 'amd64', os.version: '10.0', java.version: '17.0.5'
Driver info: org.openqa.selenium.chrome.ChromeDriver
Command: [d561e3bafbd845c9fce3b9bfd64e0b16, findElement {using=xpath, value=/html/body/div[8]/div[3]/div/div[2]/div/div/div[2]/div/div[2]/div/div/form/div/div[1]/div/input}]
Capabilities {acceptInsecureCerts: false, browserName: chrome, browserVersion: 108.0.5359.99, chrome: {chromedriverVersion: 107.0.5304.62 (1eec40d3a576..., userDataDir: C:\Users\WINDOW~1\AppData\L...}, goog:chromeOptions: {debuggerAddress: localhost:55328}, networkConnectionEnabled: false, pageLoadStrategy: normal, platformName: WINDOWS, proxy: Proxy(), se:cdp: ws://localhost:55328/devtoo..., se:cdpVersion: 108.0.5359.99, setWindowRect: true, strictFileInteractability: false, timeouts: {implicit: 0, pageLoad: 300000, script: 30000}, unhandledPromptBehavior: dismiss and notify, webauthn:extension:credBlob: true, webauthn:extension:largeBlob: true, webauthn:virtualAuthenticators: true}
Session ID: d561e3bafbd845c9fce3b9bfd64e0b16]]>
            </message>
            <full-stacktrace>
              <![CDATA[org.openqa.selenium.NoSuchElementException: no such element: Unable to locate element: {"method":"xpath","selector":"/html/body/div[8]/div[3]/div/div[2]/div/div/div[2]/div/div[2]/div/div/form/div/div[1]/div/input"}
  (Session info: chrome=108.0.5359.99)
For documentation on this error, please visit: https://selenium.dev/exceptions/#no_such_element
Build info: version: '4.6.0', revision: '79f1c02ae20'
System info: os.name: 'Windows 10', os.arch: 'amd64', os.version: '10.0', java.version: '17.0.5'
Driver info: org.openqa.selenium.chrome.ChromeDriver
Command: [d561e3bafbd845c9fce3b9bfd64e0b16, findElement {using=xpath, value=/html/body/div[8]/div[3]/div/div[2]/div/div/div[2]/div/div[2]/div/div/form/div/div[1]/div/input}]
Capabilities {acceptInsecureCerts: false, browserName: chrome, browserVersion: 108.0.5359.99, chrome: {chromedriverVersion: 107.0.5304.62 (1eec40d3a576..., userDataDir: C:\Users\WINDOW~1\AppData\L...}, goog:chromeOptions: {debuggerAddress: localhost:55328}, networkConnectionEnabled: false, pageLoadStrategy: normal, platformName: WINDOWS, proxy: Proxy(), se:cdp: ws://localhost:55328/devtoo..., se:cdpVersion: 108.0.5359.99, setWindowRect: true, strictFileInteractability: false, timeouts: {implicit: 0, pageLoad: 300000, script: 30000}, unhandledPromptBehavior: dismiss and notify, webauthn:extension:credBlob: true, webauthn:extension:largeBlob: true, webauthn:virtualAuthenticators: true}
Session ID: d561e3bafbd845c9fce3b9bfd64e0b16
at java.base/jdk.internal.reflect.NativeConstructorAccessorImpl.newInstance0(Native Method)
at java.base/jdk.internal.reflect.NativeConstructorAccessorImpl.newInstance(NativeConstructorAccessorImpl.java:77)
at java.base/jdk.internal.reflect.DelegatingConstructorAccessorImpl.newInstance(DelegatingConstructorAccessorImpl.java:45)
at java.base/java.lang.reflect.Constructor.newInstanceWithCaller(Constructor.java:499)
at java.base/java.lang.reflect.Constructor.newInstance(Constructor.java:480)
at org.openqa.selenium.remote.codec.w3c.W3CHttpResponseCodec.createException(W3CHttpResponseCodec.java:200)
at org.openqa.selenium.remote.codec.w3c.W3CHttpResponseCodec.decode(W3CHttpResponseCodec.java:133)
at org.openqa.selenium.remote.codec.w3c.W3CHttpResponseCodec.decode(W3CHttpResponseCodec.java:53)
at org.openqa.selenium.remote.HttpCommandExecutor.execute(HttpCommandExecutor.java:184)
at org.openqa.selenium.remote.service.DriverCommandExecutor.invokeExecute(DriverCommandExecutor.java:167)
at org.openqa.selenium.remote.service.DriverCommandExecutor.execute(DriverCommandExecutor.java:142)
at org.openqa.selenium.remote.RemoteWebDriver.execute(RemoteWebDriver.java:541)
at org.openqa.selenium.remote.ElementLocation$ElementFinder$2.findElement(ElementLocation.java:162)
at org.openqa.selenium.remote.ElementLocation.findElement(ElementLocation.java:60)
at org.openqa.selenium.remote.RemoteWebDriver.findElement(RemoteWebDriver.java:365)
at org.openqa.selenium.remote.RemoteWebDriver.findElement(RemoteWebDriver.java:357)
at RunTest.TestUpdateImage.UpdateImage(TestUpdateImage.java:50)
at java.base/jdk.internal.reflect.NativeMethodAccessorImpl.invoke0(Native Method)
at java.base/jdk.internal.reflect.NativeMethodAccessorImpl.invoke(NativeMethodAccessorImpl.java:77)
at java.base/jdk.internal.reflect.DelegatingMethodAccessorImpl.invoke(DelegatingMethodAccessorImpl.java:43)
at java.base/java.lang.reflect.Method.invoke(Method.java:568)
at org.testng.internal.MethodInvocationHelper.invokeMethod(MethodInvocationHelper.java:133)
at org.testng.internal.TestInvoker.invokeMethod(TestInvoker.java:598)
at org.testng.internal.TestInvoker.invokeTestMethod(TestInvoker.java:173)
at org.testng.internal.MethodRunner.runInSequence(MethodRunner.java:46)
at org.testng.internal.TestInvoker$MethodInvocationAgent.invoke(TestInvoker.java:824)
at org.testng.internal.TestInvoker.invokeTestMethods(TestInvoker.java:146)
at org.testng.internal.TestMethodWorker.invokeTestMethods(TestMethodWorker.java:146)
at org.testng.internal.TestMethodWorker.run(TestMethodWorker.java:128)
at java.base/java.util.ArrayList.forEach(ArrayList.java:1511)
at org.testng.TestRunner.privateRun(TestRunner.java:794)
at org.testng.TestRunner.run(TestRunner.java:596)
at org.testng.SuiteRunner.runTest(SuiteRunner.java:377)
at org.testng.SuiteRunner.runSequentially(SuiteRunner.java:371)
at org.testng.SuiteRunner.privateRun(SuiteRunner.java:332)
at org.testng.SuiteRunner.run(SuiteRunner.java:276)
at org.testng.SuiteRunnerWorker.runSuite(SuiteRunnerWorker.java:53)
at org.testng.SuiteRunnerWorker.run(SuiteRunnerWorker.java:96)
at org.testng.TestNG.runSuitesSequentially(TestNG.java:1212)
at org.testng.TestNG.runSuitesLocally(TestNG.java:1134)
at org.testng.TestNG.runSuites(TestNG.java:1063)
at org.testng.TestNG.run(TestNG.java:1031)
at org.testng.remote.AbstractRemoteTestNG.run(AbstractRemoteTestNG.java:115)
at org.testng.remote.RemoteTestNG.initAndRun(RemoteTestNG.java:251)
at org.testng.remote.RemoteTestNG.main(RemoteTestNG.java:77)
]]>
            </full-stacktrace>
          </exception> <!-- org.openqa.selenium.NoSuchElementException -->
          <reporter-output>
          </reporter-output>
        </test-method> <!-- UpdateImage -->
        <test-method signature="UpdateImage([Ljava.lang.String;)[pri:0, instance:RunTest.TestUpdateImage@54bff557]" started-at="2022-12-14T18:38:34 ICT" name="UpdateImage" data-provider="getFile" finished-at="2022-12-14T18:39:04 ICT" duration-ms="30098" status="FAIL">
          <params>
            <param index="0">
              <value>
                <![CDATA[[Ljava.lang.String;@53982523]]>
              </value>
            </param>
          </params>
          <exception class="org.openqa.selenium.NoSuchElementException">
            <message>
              <![CDATA[no such element: Unable to locate element: {"method":"xpath","selector":"/html/body/div[3]/div[4]/div/div[2]/div/section/div/form/fieldset[2]/div/div[3]/div[2]/fieldset/div[1]/div[2]/div[1]/div[1]/div[1]/a"}
  (Session info: chrome=108.0.5359.99)
For documentation on this error, please visit: https://selenium.dev/exceptions/#no_such_element
Build info: version: '4.6.0', revision: '79f1c02ae20'
System info: os.name: 'Windows 10', os.arch: 'amd64', os.version: '10.0', java.version: '17.0.5'
Driver info: org.openqa.selenium.chrome.ChromeDriver
Command: [d561e3bafbd845c9fce3b9bfd64e0b16, findElement {using=xpath, value=/html/body/div[3]/div[4]/div/div[2]/div/section/div/form/fieldset[2]/div/div[3]/div[2]/fieldset/div[1]/div[2]/div[1]/div[1]/div[1]/a}]
Capabilities {acceptInsecureCerts: false, browserName: chrome, browserVersion: 108.0.5359.99, chrome: {chromedriverVersion: 107.0.5304.62 (1eec40d3a576..., userDataDir: C:\Users\WINDOW~1\AppData\L...}, goog:chromeOptions: {debuggerAddress: localhost:55328}, networkConnectionEnabled: false, pageLoadStrategy: normal, platformName: WINDOWS, proxy: Proxy(), se:cdp: ws://localhost:55328/devtoo..., se:cdpVersion: 108.0.5359.99, setWindowRect: true, strictFileInteractability: false, timeouts: {implicit: 0, pageLoad: 300000, script: 30000}, unhandledPromptBehavior: dismiss and notify, webauthn:extension:credBlob: true, webauthn:extension:largeBlob: true, webauthn:virtualAuthenticators: true}
Session ID: d561e3bafbd845c9fce3b9bfd64e0b16]]>
            </message>
            <full-stacktrace>
              <![CDATA[org.openqa.selenium.NoSuchElementException: no such element: Unable to locate element: {"method":"xpath","selector":"/html/body/div[3]/div[4]/div/div[2]/div/section/div/form/fieldset[2]/div/div[3]/div[2]/fieldset/div[1]/div[2]/div[1]/div[1]/div[1]/a"}
  (Session info: chrome=108.0.5359.99)
For documentation on this error, please visit: https://selenium.dev/exceptions/#no_such_element
Build info: version: '4.6.0', revision: '79f1c02ae20'
System info: os.name: 'Windows 10', os.arch: 'amd64', os.version: '10.0', java.version: '17.0.5'
Driver info: org.openqa.selenium.chrome.ChromeDriver
Command: [d561e3bafbd845c9fce3b9bfd64e0b16, findElement {using=xpath, value=/html/body/div[3]/div[4]/div/div[2]/div/section/div/form/fieldset[2]/div/div[3]/div[2]/fieldset/div[1]/div[2]/div[1]/div[1]/div[1]/a}]
Capabilities {acceptInsecureCerts: false, browserName: chrome, browserVersion: 108.0.5359.99, chrome: {chromedriverVersion: 107.0.5304.62 (1eec40d3a576..., userDataDir: C:\Users\WINDOW~1\AppData\L...}, goog:chromeOptions: {debuggerAddress: localhost:55328}, networkConnectionEnabled: false, pageLoadStrategy: normal, platformName: WINDOWS, proxy: Proxy(), se:cdp: ws://localhost:55328/devtoo..., se:cdpVersion: 108.0.5359.99, setWindowRect: true, strictFileInteractability: false, timeouts: {implicit: 0, pageLoad: 300000, script: 30000}, unhandledPromptBehavior: dismiss and notify, webauthn:extension:credBlob: true, webauthn:extension:largeBlob: true, webauthn:virtualAuthenticators: true}
Session ID: d561e3bafbd845c9fce3b9bfd64e0b16
at java.base/jdk.internal.reflect.NativeConstructorAccessorImpl.newInstance0(Native Method)
at java.base/jdk.internal.reflect.NativeConstructorAccessorImpl.newInstance(NativeConstructorAccessorImpl.java:77)
at java.base/jdk.internal.reflect.DelegatingConstructorAccessorImpl.newInstance(DelegatingConstructorAccessorImpl.java:45)
at java.base/java.lang.reflect.Constructor.newInstanceWithCaller(Constructor.java:499)
at java.base/java.lang.reflect.Constructor.newInstance(Constructor.java:480)
at org.openqa.selenium.remote.codec.w3c.W3CHttpResponseCodec.createException(W3CHttpResponseCodec.java:200)
at org.openqa.selenium.remote.codec.w3c.W3CHttpResponseCodec.decode(W3CHttpResponseCodec.java:133)
at org.openqa.selenium.remote.codec.w3c.W3CHttpResponseCodec.decode(W3CHttpResponseCodec.java:53)
at org.openqa.selenium.remote.HttpCommandExecutor.execute(HttpCommandExecutor.java:184)
at org.openqa.selenium.remote.service.DriverCommandExecutor.invokeExecute(DriverCommandExecutor.java:167)
at org.openqa.selenium.remote.service.DriverCommandExecutor.execute(DriverCommandExecutor.java:142)
at org.openqa.selenium.remote.RemoteWebDriver.execute(RemoteWebDriver.java:541)
at org.openqa.selenium.remote.ElementLocation$ElementFinder$2.findElement(ElementLocation.java:162)
at org.openqa.selenium.remote.ElementLocation.findElement(ElementLocation.java:60)
at org.openqa.selenium.remote.RemoteWebDriver.findElement(RemoteWebDriver.java:365)
at org.openqa.selenium.remote.RemoteWebDriver.findElement(RemoteWebDriver.java:357)
at RunTest.TestUpdateImage.UpdateImage(TestUpdateImage.java:49)
at java.base/jdk.internal.reflect.NativeMethodAccessorImpl.invoke0(Native Method)
at java.base/jdk.internal.reflect.NativeMethodAccessorImpl.invoke(NativeMethodAccessorImpl.java:77)
at java.base/jdk.internal.reflect.DelegatingMethodAccessorImpl.invoke(DelegatingMethodAccessorImpl.java:43)
at java.base/java.lang.reflect.Method.invoke(Method.java:568)
at org.testng.internal.MethodInvocationHelper.invokeMethod(MethodInvocationHelper.java:133)
at org.testng.internal.TestInvoker.invokeMethod(TestInvoker.java:598)
at org.testng.internal.TestInvoker.invokeTestMethod(TestInvoker.java:173)
at org.testng.internal.MethodRunner.runInSequence(MethodRunner.java:46)
at org.testng.internal.TestInvoker$MethodInvocationAgent.invoke(TestInvoker.java:824)
at org.testng.internal.TestInvoker.invokeTestMethods(TestInvoker.java:146)
at org.testng.internal.TestMethodWorker.invokeTestMethods(TestMethodWorker.java:146)
at org.testng.internal.TestMethodWorker.run(TestMethodWorker.java:128)
at java.base/java.util.ArrayList.forEach(ArrayList.java:1511)
at org.testng.TestRunner.privateRun(TestRunner.java:794)
at org.testng.TestRunner.run(TestRunner.java:596)
at org.testng.SuiteRunner.runTest(SuiteRunner.java:377)
at org.testng.SuiteRunner.runSequentially(SuiteRunner.java:371)
at org.testng.SuiteRunner.privateRun(SuiteRunner.java:332)
at org.testng.SuiteRunner.run(SuiteRunner.java:276)
at org.testng.SuiteRunnerWorker.runSuite(SuiteRunnerWorker.java:53)
at org.testng.SuiteRunnerWorker.run(SuiteRunnerWorker.java:96)
at org.testng.TestNG.runSuitesSequentially(TestNG.java:1212)
at org.testng.TestNG.runSuitesLocally(TestNG.java:1134)
at org.testng.TestNG.runSuites(TestNG.java:1063)
at org.testng.TestNG.run(TestNG.java:1031)
at org.testng.remote.AbstractRemoteTestNG.run(AbstractRemoteTestNG.java:115)
at org.testng.remote.RemoteTestNG.initAndRun(RemoteTestNG.java:251)
at org.testng.remote.RemoteTestNG.main(RemoteTestNG.java:77)
]]>
            </full-stacktrace>
          </exception> <!-- org.openqa.selenium.NoSuchElementException -->
          <reporter-output>
          </reporter-output>
        </test-method> <!-- UpdateImage -->
      </class> <!-- RunTest.TestUpdateImage -->
    </test> <!-- Update image -->
  </suite> <!-- Automation Testing -->
</testng-results>
